2026-07-12 00:51:38 +0000 [MT] Initial pipeline context: <IDEDistributionProcessingPipelineContext: 0x8bc389e00; archive(resolved)="<IDEArchive: 0x8be4d00e0>", distributionTask(resolved)="2", distributionDestination(resolved)="1", distributionMethod(resolved)="<IDEDistributionMethodiOSAppStoreDistribution: 0x8be58d0c0>", team(resolved)="<IDEProvisioningBasicTeam: 0x8be636620; teamID='M5L3MM75SG', teamName='(null)'>">
	Chain (15, self inclusive):
	<IDEDistributionProcessingPipelineContext: 0x8bc389e00; archive = "<IDEArchive: 0x8be4d00e0>", distributionMethod="<IDEDistributionMethodiOSAppStoreDistribution: 0x8be58d0c0>", team="<IDEProvisioningBasicTeam: 0x8be636620; teamID='M5L3MM75SG', teamName='(null)'>">
	<IDEDistributionProcessingPipelineContext: 0x8bc38a700; archive = "<IDEArchive: 0x8be4d00e0>", distributionMethod="<IDEDistributionMethodiOSAppStoreDistribution: 0x8be58d0c0>", team="<IDEProvisioningBasicTeam: 0x8be636620; teamID='M5L3MM75SG', teamName='(null)'>">
	<IDEDistributionContext: 0x8bbd4af80; archive = "<IDEArchive: 0x8be4d00e0>", distributionMethod="<IDEDistributionMethodiOSAppStoreDistribution: 0x8be58d0c0>", team="<IDEProvisioningBasicTeam: 0x8be636620; teamID='M5L3MM75SG', teamName='(null)'>">
	<IDEDistributionContext: 0x8bbd4aa80; archive = "<IDEArchive: 0x8be4d00e0>", distributionMethod="<IDEDistributionMethodiOSAppStoreDistribution: 0x8be58d0c0>", team="<IDEProvisioningBasicTeam: 0x8be636620; teamID='M5L3MM75SG', teamName='(null)'>">
	<IDEDistributionContext: 0x8bbd4a800; archive = "<IDEArchive: 0x8be4d00e0>", distributionMethod="<IDEDistributionMethodiOSAppStoreDistribution: 0x8be58d0c0>", team="<IDEProvisioningBasicTeam: 0x8be636620; teamID='M5L3MM75SG', teamName='(null)'>">
	<IDEDistributionContext: 0x8bbd4a580; archive = "<IDEArchive: 0x8be4d00e0>", distributionMethod="<IDEDistributionMethodiOSAppStoreDistribution: 0x8be58d0c0>", team="<IDEProvisioningBasicTeam: 0x8be636620; teamID='M5L3MM75SG', teamName='(null)'>">
	<IDEDistributionContext: 0x8bbd4a300; archive = "<IDEArchive: 0x8be4d00e0>", distributionMethod="<IDEDistributionMethodiOSAppStoreDistribution: 0x8be58d0c0>", team="<IDEProvisioningBasicTeam: 0x8be636620; teamID='M5L3MM75SG', teamName='(null)'>">
	<IDEDistributionContext: 0x8bbd4a080; archive = "<IDEArchive: 0x8be4d00e0>", distributionMethod="<IDEDistributionMethodiOSAppStoreDistribution: 0x8be58d0c0>", team="<IDEProvisioningBasicTeam: 0x8be636620; teamID='M5L3MM75SG', teamName='(null)'>">
	<IDEDistributionContext: 0x8bbd49e00; archive = "<IDEArchive: 0x8be4d00e0>", distributionMethod="<IDEDistributionMethodiOSAppStoreDistribution: 0x8be58d0c0>", team="<IDEProvisioningBasicTeam: 0x8be636620; teamID='M5L3MM75SG', teamName='(null)'>">
	<IDEDistributionContext: 0x8bbd48a00; archive = "<IDEArchive: 0x8be4d00e0>", distributionMethod="<IDEDistributionMethodiOSAppStoreDistribution: 0x8be58d0c0>", team="<IDEProvisioningBasicTeam: 0x8be636620; teamID='M5L3MM75SG', teamName='(null)'>">
	<IDEDistributionContext: 0x8bbd48780; archive = "<IDEArchive: 0x8be4d00e0>", distributionMethod="<IDEDistributionMethodiOSAppStoreDistribution: 0x8be58d0c0>", team="<IDEProvisioningBasicTeam: 0x8be636620; teamID='M5L3MM75SG', teamName='(null)'>">
	<IDEDistributionContext: 0x8bbd48500; archive = "<IDEArchive: 0x8be4d00e0>", distributionMethod="<IDEDistributionMethodiOSAppStoreDistribution: 0x8be58d0c0>", team="<IDEProvisioningBasicTeam: 0x8be636620; teamID='M5L3MM75SG', teamName='(null)'>">
	<IDEDistributionContext: 0x8bbd48280; archive = "<IDEArchive: 0x8be4d00e0>", distributionMethod="<IDEDistributionMethodiOSAppStoreDistribution: 0x8be58d0c0>", team="(null)">
	<IDEDistributionContext: 0x8bbd48000; archive = "<IDEArchive: 0x8be4d00e0>", distributionMethod="<IDEDistributionMethodiOSAppStoreDistribution: 0x8be58d0c0>", team="(null)">
	<IDEDistributionContext: 0x100aa5d50; archive = "<IDEArchive: 0x8be4d00e0>", distributionMethod="(null)", team="(null)">
</IDEDistributionProcessingPipelineContext: 0x8bc389e00>
2026-07-12 00:51:38 +0000 [MT] Processing step: IDEDistributionCreateDestRootStep
2026-07-12 00:51:38 +0000 [MT] Processing step: IDEDistributionCopyItemStep
2026-07-12 00:51:38 +0000 [MT] Running /usr/bin/ditto '-V' '/Users/lucasvalenca_sf/genesxy_apple.V1.02/build/Archives/Genesyx.xcarchive/Products/Applications/Genesyx.app' '/var/folders/ql/xph248657q37nx4n3qwdg4240000gn/T/XcodeDistPipeline.~~~rtF975/Root/Payload/Genesyx.app'
2026-07-12 00:51:38 +0000  >>> Copying /Users/lucasvalenca_sf/genesxy_apple.V1.02/build/Archives/Genesyx.xcarchive/Products/Applications/Genesyx.app 
2026-07-12 00:51:38 +0000  copying file ./_CodeSignature/CodeResources ... 
2026-07-12 00:51:38 +0000  25869 bytes for ./_CodeSignature/CodeResources
2026-07-12 00:51:38 +0000  copying file ./GTMSessionFetcher_GTMSessionFetcherCore.bundle/PrivacyInfo.xcprivacy ... 
2026-07-12 00:51:38 +0000  598 bytes for ./GTMSessionFetcher_GTMSessionFetcherCore.bundle/PrivacyInfo.xcprivacy
2026-07-12 00:51:38 +0000  copying file ./GTMSessionFetcher_GTMSessionFetcherCore.bundle/Info.plist ... 
2026-07-12 00:51:38 +0000  725 bytes for ./GTMSessionFetcher_GTMSessionFetcherCore.bundle/Info.plist
2026-07-12 00:51:38 +0000  copying file ./GoogleSignIn_GoogleSignIn.bundle/de.lproj/GoogleSignIn.strings ... 
2026-07-12 00:51:38 +0000  1703 bytes for ./GoogleSignIn_GoogleSignIn.bundle/de.lproj/GoogleSignIn.strings
2026-07-12 00:51:38 +0000  copying file ./GoogleSignIn_GoogleSignIn.bundle/he.lproj/GoogleSignIn.strings ... 
2026-07-12 00:51:38 +0000  1780 bytes for ./GoogleSignIn_GoogleSignIn.bundle/he.lproj/GoogleSignIn.strings
2026-07-12 00:51:38 +0000  copying file ./GoogleSignIn_GoogleSignIn.bundle/ar.lproj/GoogleSignIn.strings ... 
2026-07-12 00:51:38 +0000  1759 bytes for ./GoogleSignIn_GoogleSignIn.bundle/ar.lproj/GoogleSignIn.strings
2026-07-12 00:51:38 +0000  copying file ./GoogleSignIn_GoogleSignIn.bundle/el.lproj/GoogleSignIn.strings ... 
2026-07-12 00:51:38 +0000  2103 bytes for ./GoogleSignIn_GoogleSignIn.bundle/el.lproj/GoogleSignIn.strings
2026-07-12 00:51:38 +0000  copying file ./GoogleSignIn_GoogleSignIn.bundle/ja.lproj/GoogleSignIn.strings ... 
2026-07-12 00:51:38 +0000  1711 bytes for ./GoogleSignIn_GoogleSignIn.bundle/ja.lproj/GoogleSignIn.strings
2026-07-12 00:51:38 +0000  copying file ./GoogleSignIn_GoogleSignIn.bundle/en.lproj/GoogleSignIn.strings ... 
2026-07-12 00:51:38 +0000  1547 bytes for ./GoogleSignIn_GoogleSignIn.bundle/en.lproj/GoogleSignIn.strings
2026-07-12 00:51:38 +0000  copying file ./GoogleSignIn_GoogleSignIn.bundle/uk.lproj/GoogleSignIn.strings ... 
2026-07-12 00:51:38 +0000  1864 bytes for ./GoogleSignIn_GoogleSignIn.bundle/uk.lproj/GoogleSignIn.strings
2026-07-12 00:51:38 +0000  copying file ./GoogleSignIn_GoogleSignIn.bundle/es_MX.lproj/GoogleSignIn.strings ... 
2026-07-12 00:51:38 +0000  1607 bytes for ./GoogleSignIn_GoogleSignIn.bundle/es_MX.lproj/GoogleSignIn.strings
2026-07-12 00:51:38 +0000  copying file ./GoogleSignIn_GoogleSignIn.bundle/zh_CN.lproj/GoogleSignIn.strings ... 
2026-07-12 00:51:38 +0000  1489 bytes for ./GoogleSignIn_GoogleSignIn.bundle/zh_CN.lproj/GoogleSignIn.strings
2026-07-12 00:51:38 +0000  copying file ./GoogleSignIn_GoogleSignIn.bundle/nb.lproj/GoogleSignIn.strings ... 
2026-07-12 00:51:38 +0000  1593 bytes for ./GoogleSignIn_GoogleSignIn.bundle/nb.lproj/GoogleSignIn.strings
2026-07-12 00:51:38 +0000  copying file ./GoogleSignIn_GoogleSignIn.bundle/es.lproj/GoogleSignIn.strings ... 
2026-07-12 00:51:38 +0000  1678 bytes for ./GoogleSignIn_GoogleSignIn.bundle/es.lproj/GoogleSignIn.strings
2026-07-12 00:51:38 +0000  copying file ./GoogleSignIn_GoogleSignIn.bundle/pt_BR.lproj/GoogleSignIn.strings ... 
2026-07-12 00:51:38 +0000  1608 bytes for ./GoogleSignIn_GoogleSignIn.bundle/pt_BR.lproj/GoogleSignIn.strings
2026-07-12 00:51:38 +0000  copying file ./GoogleSignIn_GoogleSignIn.bundle/da.lproj/GoogleSignIn.strings ... 
2026-07-12 00:51:38 +0000  1611 bytes for ./GoogleSignIn_GoogleSignIn.bundle/da.lproj/GoogleSignIn.strings
2026-07-12 00:51:38 +0000  copying file ./GoogleSignIn_GoogleSignIn.bundle/it.lproj/GoogleSignIn.strings ... 
2026-07-12 00:51:38 +0000  1570 bytes for ./GoogleSignIn_GoogleSignIn.bundle/it.lproj/GoogleSignIn.strings
2026-07-12 00:51:38 +0000  copying file ./GoogleSignIn_GoogleSignIn.bundle/sk.lproj/GoogleSignIn.strings ... 
2026-07-12 00:51:38 +0000  1665 bytes for ./GoogleSignIn_GoogleSignIn.bundle/sk.lproj/GoogleSignIn.strings
2026-07-12 00:51:38 +0000  copying file ./GoogleSignIn_GoogleSignIn.bundle/pt_PT.lproj/GoogleSignIn.strings ... 
2026-07-12 00:51:38 +0000  1646 bytes for ./GoogleSignIn_GoogleSignIn.bundle/pt_PT.lproj/GoogleSignIn.strings
2026-07-12 00:51:38 +0000  copying file ./GoogleSignIn_GoogleSignIn.bundle/google@3x.png ... 
2026-07-12 00:51:38 +0000  1622 bytes for ./GoogleSignIn_GoogleSignIn.bundle/google@3x.png
2026-07-12 00:51:38 +0000  copying file ./GoogleSignIn_GoogleSignIn.bundle/ms.lproj/GoogleSignIn.strings ... 
2026-07-12 00:51:38 +0000  1565 bytes for ./GoogleSignIn_GoogleSignIn.bundle/ms.lproj/GoogleSignIn.strings
2026-07-12 00:51:38 +0000  copying file ./GoogleSignIn_GoogleSignIn.bundle/sv.lproj/GoogleSignIn.strings ... 
2026-07-12 00:51:38 +0000  1579 bytes for ./GoogleSignIn_GoogleSignIn.bundle/sv.lproj/GoogleSignIn.strings
2026-07-12 00:51:38 +0000  copying file ./GoogleSignIn_GoogleSignIn.bundle/cs.lproj/GoogleSignIn.strings ... 
2026-07-12 00:51:38 +0000  1615 bytes for ./GoogleSignIn_GoogleSignIn.bundle/cs.lproj/GoogleSignIn.strings
2026-07-12 00:51:38 +0000  copying file ./GoogleSignIn_GoogleSignIn.bundle/google@2x.png ... 
2026-07-12 00:51:38 +0000  987 bytes for ./GoogleSignIn_GoogleSignIn.bundle/google@2x.png
2026-07-12 00:51:38 +0000  copying file ./GoogleSignIn_GoogleSignIn.bundle/ko.lproj/GoogleSignIn.strings ... 
2026-07-12 00:51:38 +0000  1634 bytes for ./GoogleSignIn_GoogleSignIn.bundle/ko.lproj/GoogleSignIn.strings
2026-07-12 00:51:38 +0000  copying file ./GoogleSignIn_GoogleSignIn.bundle/hu.lproj/GoogleSignIn.strings ... 
2026-07-12 00:51:38 +0000  1663 bytes for ./GoogleSignIn_GoogleSignIn.bundle/hu.lproj/GoogleSignIn.strings
2026-07-12 00:51:38 +0000  copying file ./GoogleSignIn_GoogleSignIn.bundle/tr.lproj/GoogleSignIn.strings ... 
2026-07-12 00:51:38 +0000  1596 bytes for ./GoogleSignIn_GoogleSignIn.bundle/tr.lproj/GoogleSignIn.strings
2026-07-12 00:51:38 +0000  copying file ./GoogleSignIn_GoogleSignIn.bundle/pl.lproj/GoogleSignIn.strings ... 
2026-07-12 00:51:38 +0000  1578 bytes for ./GoogleSignIn_GoogleSignIn.bundle/pl.lproj/GoogleSignIn.strings
2026-07-12 00:51:38 +0000  copying file ./GoogleSignIn_GoogleSignIn.bundle/zh_TW.lproj/GoogleSignIn.strings ... 
2026-07-12 00:51:38 +0000  1525 bytes for ./GoogleSignIn_GoogleSignIn.bundle/zh_TW.lproj/GoogleSignIn.strings
2026-07-12 00:51:38 +0000  copying file ./GoogleSignIn_GoogleSignIn.bundle/en_GB.lproj/GoogleSignIn.strings ... 
2026-07-12 00:51:38 +0000  1547 bytes for ./GoogleSignIn_GoogleSignIn.bundle/en_GB.lproj/GoogleSignIn.strings
2026-07-12 00:51:38 +0000  copying file ./GoogleSignIn_GoogleSignIn.bundle/vi.lproj/GoogleSignIn.strings ... 
2026-07-12 00:51:38 +0000  1717 bytes for ./GoogleSignIn_GoogleSignIn.bundle/vi.lproj/GoogleSignIn.strings
2026-07-12 00:51:38 +0000  copying file ./GoogleSignIn_GoogleSignIn.bundle/PrivacyInfo.xcprivacy ... 
2026-07-12 00:51:38 +0000  3756 bytes for ./GoogleSignIn_GoogleSignIn.bundle/PrivacyInfo.xcprivacy
2026-07-12 00:51:38 +0000  copying file ./GoogleSignIn_GoogleSignIn.bundle/ru.lproj/GoogleSignIn.strings ... 
2026-07-12 00:51:38 +0000  1954 bytes for ./GoogleSignIn_GoogleSignIn.bundle/ru.lproj/GoogleSignIn.strings
2026-07-12 00:51:38 +0000  copying file ./GoogleSignIn_GoogleSignIn.bundle/fr_CA.lproj/GoogleSignIn.strings ... 
2026-07-12 00:51:38 +0000  1657 bytes for ./GoogleSignIn_GoogleSignIn.bundle/fr_CA.lproj/GoogleSignIn.strings
2026-07-12 00:51:38 +0000  copying file ./GoogleSignIn_GoogleSignIn.bundle/fr.lproj/GoogleSignIn.strings ... 
2026-07-12 00:51:38 +0000  1676 bytes for ./GoogleSignIn_GoogleSignIn.bundle/fr.lproj/GoogleSignIn.strings
2026-07-12 00:51:38 +0000  copying file ./GoogleSignIn_GoogleSignIn.bundle/fi.lproj/GoogleSignIn.strings ... 
2026-07-12 00:51:38 +0000  1640 bytes for ./GoogleSignIn_GoogleSignIn.bundle/fi.lproj/GoogleSignIn.strings
2026-07-12 00:51:38 +0000  copying file ./GoogleSignIn_GoogleSignIn.bundle/id.lproj/GoogleSignIn.strings ... 
2026-07-12 00:51:38 +0000  1553 bytes for ./GoogleSignIn_GoogleSignIn.bundle/id.lproj/GoogleSignIn.strings
2026-07-12 00:51:38 +0000  copying file ./GoogleSignIn_GoogleSignIn.bundle/nl.lproj/GoogleSignIn.strings ... 
2026-07-12 00:51:38 +0000  1606 bytes for ./GoogleSignIn_GoogleSignIn.bundle/nl.lproj/GoogleSignIn.strings
2026-07-12 00:51:38 +0000  copying file ./GoogleSignIn_GoogleSignIn.bundle/th.lproj/GoogleSignIn.strings ... 
2026-07-12 00:51:38 +0000  2133 bytes for ./GoogleSignIn_GoogleSignIn.bundle/th.lproj/GoogleSignIn.strings
2026-07-12 00:51:38 +0000  copying file ./GoogleSignIn_GoogleSignIn.bundle/pt.lproj/GoogleSignIn.strings ... 
2026-07-12 00:51:38 +0000  1608 bytes for ./GoogleSignIn_GoogleSignIn.bundle/pt.lproj/GoogleSignIn.strings
2026-07-12 00:51:38 +0000  copying file ./GoogleSignIn_GoogleSignIn.bundle/google.png ... 
2026-07-12 00:51:38 +0000  572 bytes for ./GoogleSignIn_GoogleSignIn.bundle/google.png
2026-07-12 00:51:38 +0000  copying file ./GoogleSignIn_GoogleSignIn.bundle/Roboto-Bold.ttf ... 
2026-07-12 00:51:38 +0000  127744 bytes for ./GoogleSignIn_GoogleSignIn.bundle/Roboto-Bold.ttf
2026-07-12 00:51:38 +0000  copying file ./GoogleSignIn_GoogleSignIn.bundle/ro.lproj/GoogleSignIn.strings ... 
2026-07-12 00:51:38 +0000  1598 bytes for ./GoogleSignIn_GoogleSignIn.bundle/ro.lproj/GoogleSignIn.strings
2026-07-12 00:51:38 +0000  copying file ./GoogleSignIn_GoogleSignIn.bundle/Info.plist ... 
2026-07-12 00:51:38 +0000  699 bytes for ./GoogleSignIn_GoogleSignIn.bundle/Info.plist
2026-07-12 00:51:38 +0000  copying file ./GoogleSignIn_GoogleSignIn.bundle/hr.lproj/GoogleSignIn.strings ... 
2026-07-12 00:51:38 +0000  1621 bytes for ./GoogleSignIn_GoogleSignIn.bundle/hr.lproj/GoogleSignIn.strings
2026-07-12 00:51:38 +0000  copying file ./GoogleSignIn_GoogleSignIn.bundle/hi.lproj/GoogleSignIn.strings ... 
2026-07-12 00:51:38 +0000  2286 bytes for ./GoogleSignIn_GoogleSignIn.bundle/hi.lproj/GoogleSignIn.strings
2026-07-12 00:51:38 +0000  copying file ./GoogleSignIn_GoogleSignIn.bundle/ca.lproj/GoogleSignIn.strings ... 
2026-07-12 00:51:38 +0000  1669 bytes for ./GoogleSignIn_GoogleSignIn.bundle/ca.lproj/GoogleSignIn.strings
2026-07-12 00:51:38 +0000  copying file ./AppIcon60x60@2x.png ... 
2026-07-12 00:51:38 +0000  6183 bytes for ./AppIcon60x60@2x.png
2026-07-12 00:51:38 +0000  copying file ./AppAuth_AppAuth.bundle/PrivacyInfo.xcprivacy ... 
2026-07-12 00:51:38 +0000  391 bytes for ./AppAuth_AppAuth.bundle/PrivacyInfo.xcprivacy
2026-07-12 00:51:38 +0000  copying file ./AppAuth_AppAuth.bundle/Info.plist ... 
2026-07-12 00:51:38 +0000  679 bytes for ./AppAuth_AppAuth.bundle/Info.plist
2026-07-12 00:51:38 +0000  copying file ./swift-crypto_Crypto.bundle/PrivacyInfo.xcprivacy ... 
2026-07-12 00:51:38 +0000  398 bytes for ./swift-crypto_Crypto.bundle/PrivacyInfo.xcprivacy
2026-07-12 00:51:38 +0000  copying file ./swift-crypto_Crypto.bundle/Info.plist ... 
2026-07-12 00:51:38 +0000  683 bytes for ./swift-crypto_Crypto.bundle/Info.plist
2026-07-12 00:51:38 +0000  copying file ./GoogleUtilities_GoogleUtilities-Logger.bundle/PrivacyInfo.xcprivacy ... 
2026-07-12 00:51:38 +0000  478 bytes for ./GoogleUtilities_GoogleUtilities-Logger.bundle/PrivacyInfo.xcprivacy
2026-07-12 00:51:38 +0000  copying file ./GoogleUtilities_GoogleUtilities-Logger.bundle/Info.plist ... 
2026-07-12 00:51:38 +0000  721 bytes for ./GoogleUtilities_GoogleUtilities-Logger.bundle/Info.plist
2026-07-12 00:51:38 +0000  copying file ./AppAuth_AppAuthCore.bundle/PrivacyInfo.xcprivacy ... 
2026-07-12 00:51:38 +0000  391 bytes for ./AppAuth_AppAuthCore.bundle/PrivacyInfo.xcprivacy
2026-07-12 00:51:38 +0000  copying file ./AppAuth_AppAuthCore.bundle/Info.plist ... 
2026-07-12 00:51:38 +0000  687 bytes for ./AppAuth_AppAuthCore.bundle/Info.plist
2026-07-12 00:51:38 +0000  copying file ./Promises_FBLPromises.bundle/PrivacyInfo.xcprivacy ... 
2026-07-12 00:51:38 +0000  373 bytes for ./Promises_FBLPromises.bundle/PrivacyInfo.xcprivacy
2026-07-12 00:51:38 +0000  copying file ./Promises_FBLPromises.bundle/Info.plist ... 
2026-07-12 00:51:38 +0000  685 bytes for ./Promises_FBLPromises.bundle/Info.plist
2026-07-12 00:51:38 +0000  copying file ./Assets.car ... 
2026-07-12 00:51:38 +0000  1935384 bytes for ./Assets.car
2026-07-12 00:51:38 +0000  copying file ./AppIcon76x76@2x~ipad.png ... 
2026-07-12 00:51:38 +0000  7773 bytes for ./AppIcon76x76@2x~ipad.png
2026-07-12 00:51:38 +0000  copying file ./Genesyx ... 
2026-07-12 00:51:38 +0000  5057344 bytes for ./Genesyx
2026-07-12 00:51:38 +0000  copying file ./PrivacyInfo.xcprivacy ... 
2642 bytes for ./PrivacyInfo.xcprivacy
2026-07-12 00:51:38 +0000  copying file ./GoogleUtilities_GoogleUtilities-UserDefaults.bundle/PrivacyInfo.xcprivacy ... 
2026-07-12 00:51:38 +0000  911 bytes for ./GoogleUtilities_GoogleUtilities-UserDefaults.bundle/PrivacyInfo.xcprivacy
2026-07-12 00:51:38 +0000  copying file ./GoogleUtilities_GoogleUtilities-UserDefaults.bundle/Info.plist ... 
2026-07-12 00:51:38 +0000  733 bytes for ./GoogleUtilities_GoogleUtilities-UserDefaults.bundle/Info.plist
2026-07-12 00:51:38 +0000  copying file ./GoogleUtilities_GoogleUtilities-Environment.bundle/PrivacyInfo.xcprivacy ... 
2026-07-12 00:51:38 +0000  855 bytes for ./GoogleUtilities_GoogleUtilities-Environment.bundle/PrivacyInfo.xcprivacy
2026-07-12 00:51:38 +0000  copying file ./GoogleUtilities_GoogleUtilities-Environment.bundle/Info.plist ... 
2026-07-12 00:51:38 +0000  731 bytes for ./GoogleUtilities_GoogleUtilities-Environment.bundle/Info.plist
2026-07-12 00:51:38 +0000  copying file ./embedded.mobileprovision ... 
2026-07-12 00:51:38 +0000  12353 bytes for ./embedded.mobileprovision
2026-07-12 00:51:38 +0000  copying file ./Info.plist ... 
2026-07-12 00:51:38 +0000  1723 bytes for ./Info.plist
2026-07-12 00:51:38 +0000  copying file ./GTMAppAuth_GTMAppAuth.bundle/PrivacyInfo.xcprivacy ... 
2026-07-12 00:51:38 +0000  373 bytes for ./GTMAppAuth_GTMAppAuth.bundle/PrivacyInfo.xcprivacy
2026-07-12 00:51:38 +0000  copying file ./GTMAppAuth_GTMAppAuth.bundle/Info.plist ... 
2026-07-12 00:51:38 +0000  687 bytes for ./GTMAppAuth_GTMAppAuth.bundle/Info.plist
2026-07-12 00:51:38 +0000  copying file ./PkgInfo ... 
2026-07-12 00:51:38 +0000  8 bytes for ./PkgInfo
2026-07-12 00:51:38 +0000 [MT] /usr/bin/ditto exited with 0
2026-07-12 00:51:38 +0000 [MT] Processing step: IDEDistributionEmbedProfileStep
2026-07-12 00:51:38 +0000 [MT] Processing step: IDEDistributionInfoPlistStep
2026-07-12 00:51:38 +0000 [MT] Skipping setting DTXcodeBuildDistribution because toolsBuildVersionName was nil.
2026-07-12 00:51:38 +0000 [MT] Processing step: IDEDistributionItemRemovalStep
2026-07-12 00:51:38 +0000 [MT] Processing step: IDEDistributionAppThinningPlistStep
2026-07-12 00:51:38 +0000 [MT] Skipping step: IDEDistributionAppThinningPlistStep because it said so
2026-07-12 00:51:38 +0000 [MT] Processing step: IDEDistributionSymbolsStep
2026-07-12 00:51:38 +0000 [MT] Writing /var/folders/ql/xph248657q37nx4n3qwdg4240000gn/T/XcodeDistPipeline.~~~rtF975/Symbols/FE784797-FBEA-3D82-AD61-C244316413B9.symbols
2026-07-12 00:51:38 +0000 [MT] Processing step: IDEDistributionCopyAppleProvidedContentStep
2026-07-12 00:51:38 +0000 [MT] Processing step: IDEDistributionAppThinningStep
2026-07-12 00:51:38 +0000 [MT] Skipping step: IDEDistributionAppThinningStep because it said so
2026-07-12 00:51:38 +0000 [MT] Processing step: IDEDistributionArchThinningStep
2026-07-12 00:51:38 +0000 [MT] Archs to thin for item /Users/lucasvalenca_sf/genesxy_apple.V1.02/build/Archives/Genesyx.xcarchive/Products/Applications/Genesyx.app are []
2026-07-12 00:51:38 +0000 [MT] Processing step: IDEDistributionODRStep
2026-07-12 00:51:38 +0000 [MT] Processing step: IDEDistributionStripXattrsStep
2026-07-12 00:51:38 +0000 [MT] Skipping stripping extended attributes because the codesign step will strip them.
2026-07-12 00:51:38 +0000 [MT] Processing step: IDEDistributionCodesignStep
2026-07-12 00:51:38 +0000 [MT] Entitlements for <IDEDistributionItem: 0x8be628180; bundleID='com.genesyx.app', path='<DVTFilePath:0x8be4997a0:'/Users/lucasvalenca_sf/genesxy_apple.V1.02/build/Archives/Genesyx.xcarchive/Products/Applications/Genesyx.app'>', codeSigningInfo='<_DVTCodeSigningInformation_Path: 0x8be629740; isSigned='1', isAdHocSigned='0', signingCertificate='<DVTSigningCertificate: 0x8be53ca80; name='Apple Distribution: SF MEDIA & PR LTD (M5L3MM75SG)', hash='AE3E9FCDB83E1B23B60F6BB2A08A9AA7817980B5', serialNumber='7FBFE1D30AA798F3317E09096F4EADB7', certificateKinds='(
    "1.2.840.113635.100.6.1.7",
    "1.2.840.113635.100.6.1.4"
), issueDate='2026-07-09 07:39:13 +0000''>', entitlements='{
    "application-identifier" = "M5L3MM75SG.com.genesyx.app";
    "beta-reports-active" = 1;
    "com.apple.developer.applesignin" =     (
        Default
    );
    "com.apple.developer.team-identifier" = M5L3MM75SG;
    "get-task-allow" = 0;
}', teamID='M5L3MM75SG', identifier='com.genesyx.app', executablePath='<DVTFilePath:0x8be583480:'/Users/lucasvalenca_sf/genesxy_apple.V1.02/build/Archives/Genesyx.xcarchive/Products/Applications/Genesyx.app/Genesyx'>', hardenedRuntime='0'>'>: {
    "application-identifier" = "M5L3MM75SG.com.genesyx.app";
    "beta-reports-active" = 1;
    "com.apple.developer.applesignin" =     (
        Default
    );
    "com.apple.developer.team-identifier" = M5L3MM75SG;
    "get-task-allow" = 0;
}
2026-07-12 00:51:38 +0000 [MT] Associated App Clip Identifiers Filter: Skipping because "com.apple.developer.associated-appclip-app-identifiers" is not present
2026-07-12 00:51:38 +0000 [MT] Entitlements for <IDEDistributionItem: 0x8be628180; bundleID='com.genesyx.app', path='<DVTFilePath:0x8be4997a0:'/Users/lucasvalenca_sf/genesxy_apple.V1.02/build/Archives/Genesyx.xcarchive/Products/Applications/Genesyx.app'>', codeSigningInfo='<_DVTCodeSigningInformation_Path: 0x8be629740; isSigned='1', isAdHocSigned='0', signingCertificate='<DVTSigningCertificate: 0x8be53fcc0; name='Apple Distribution: SF MEDIA & PR LTD (M5L3MM75SG)', hash='AE3E9FCDB83E1B23B60F6BB2A08A9AA7817980B5', serialNumber='7FBFE1D30AA798F3317E09096F4EADB7', certificateKinds='(
    "1.2.840.113635.100.6.1.7",
    "1.2.840.113635.100.6.1.4"
), issueDate='2026-07-09 07:39:13 +0000''>', entitlements='{
    "application-identifier" = "M5L3MM75SG.com.genesyx.app";
    "beta-reports-active" = 1;
    "com.apple.developer.applesignin" =     (
        Default
    );
    "com.apple.developer.team-identifier" = M5L3MM75SG;
    "get-task-allow" = 0;
}', teamID='M5L3MM75SG', identifier='com.genesyx.app', executablePath='<DVTFilePath:0x8be583480:'/Users/lucasvalenca_sf/genesxy_apple.V1.02/build/Archives/Genesyx.xcarchive/Products/Applications/Genesyx.app/Genesyx'>', hardenedRuntime='0'>'> are: {
    "application-identifier" = "M5L3MM75SG.com.genesyx.app";
    "beta-reports-active" = 1;
    "com.apple.developer.applesignin" =     (
        Default
    );
    "com.apple.developer.team-identifier" = M5L3MM75SG;
    "get-task-allow" = 0;
}
2026-07-12 00:51:38 +0000 [MT] Writing entitlements for <IDEDistributionItem: 0x8be628180; bundleID='com.genesyx.app', path='<DVTFilePath:0x8be4997a0:'/Users/lucasvalenca_sf/genesxy_apple.V1.02/build/Archives/Genesyx.xcarchive/Products/Applications/Genesyx.app'>', codeSigningInfo='<_DVTCodeSigningInformation_Path: 0x8be629740; isSigned='1', isAdHocSigned='0', signingCertificate='<DVTSigningCertificate: 0x8be53fcc0; name='Apple Distribution: SF MEDIA & PR LTD (M5L3MM75SG)', hash='AE3E9FCDB83E1B23B60F6BB2A08A9AA7817980B5', serialNumber='7FBFE1D30AA798F3317E09096F4EADB7', certificateKinds='(
    "1.2.840.113635.100.6.1.7",
    "1.2.840.113635.100.6.1.4"
), issueDate='2026-07-09 07:39:13 +0000''>', entitlements='{
    "application-identifier" = "M5L3MM75SG.com.genesyx.app";
    "beta-reports-active" = 1;
    "com.apple.developer.applesignin" =     (
        Default
    );
    "com.apple.developer.team-identifier" = M5L3MM75SG;
    "get-task-allow" = 0;
}', teamID='M5L3MM75SG', identifier='com.genesyx.app', executablePath='<DVTFilePath:0x8be583480:'/Users/lucasvalenca_sf/genesxy_apple.V1.02/build/Archives/Genesyx.xcarchive/Products/Applications/Genesyx.app/Genesyx'>', hardenedRuntime='0'>'> to: /var/folders/ql/xph248657q37nx4n3qwdg4240000gn/T/XcodeDistPipeline.~~~rtF975/entitlements~~~m0eqni
2026-07-12 00:51:38 +0000 [MT] invoking codesign: <NSConcreteTask: 0x8bbfa8c30; launchPath='/usr/bin/codesign', arguments='(
    "-f",
    "-s",
    AE3E9FCDB83E1B23B60F6BB2A08A9AA7817980B5,
    "--entitlements",
    "/var/folders/ql/xph248657q37nx4n3qwdg4240000gn/T/XcodeDistPipeline.~~~rtF975/entitlements~~~m0eqni",
    "--preserve-metadata=identifier,flags,runtime,launch-constraints,library-constraints",
    "--generate-entitlement-der",
    "--strip-disallowed-xattrs",
    "-vvv",
    "/var/folders/ql/xph248657q37nx4n3qwdg4240000gn/T/XcodeDistPipeline.~~~rtF975/Root/Payload/Genesyx.app"
)'>
2026-07-12 00:51:48 +0000 [MT] codesign output: /var/folders/ql/xph248657q37nx4n3qwdg4240000gn/T/XcodeDistPipeline.~~~rtF975/Root/Payload/Genesyx.app: replacing existing signature
/var/folders/ql/xph248657q37nx4n3qwdg4240000gn/T/XcodeDistPipeline.~~~rtF975/Root/Payload/Genesyx.app: signed app bundle with Mach-O thin (arm64) [com.genesyx.app]
2026-07-12 00:51:48 +0000 [MT] Processing step: IDEDistributionZipODRItemStep
2026-07-12 00:51:48 +0000 [MT] Skipping step: IDEDistributionZipODRItemStep because it said so
2026-07-12 00:51:48 +0000 [MT] Processing step: IDEDistributionCreateIPAStep
2026-07-12 00:51:48 +0000 [MT] Running /usr/bin/rsync '-8aPhhE' '/var/folders/ql/xph248657q37nx4n3qwdg4240000gn/T/XcodeDistPipeline.~~~rtF975/Symbols' '--link-dest' '/var/folders/ql/xph248657q37nx4n3qwdg4240000gn/T/XcodeDistPipeline.~~~rtF975' '/var/folders/ql/xph248657q37nx4n3qwdg4240000gn/T/XcodeDistPipeline.~~~rtF975/Root'
2026-07-12 00:51:48 +0000  Symbols/
._Symbols
            163 170%    1.99MB/s   00:00:00 (xfer#1, to-check=0/4)
2026-07-12 00:51:48 +0000  Symbols/FE784797-FBEA-3D82-AD61-C244316413B9.symbols
Symbols/._FE784797-FBEA-3D82-AD61-C244316413B9.symbols
            163   0%  211.15KB/s   00:00:00 (xfer#2, to-check=2/4)
2026-07-12 00:51:48 +0000 [MT] /usr/bin/rsync exited with 0
2026-07-12 00:51:48 +0000 [MT] Running /usr/bin/ditto '-V' '-c' '-k' '--norsrc' '/var/folders/ql/xph248657q37nx4n3qwdg4240000gn/T/XcodeDistPipeline.~~~rtF975/Root' '/var/folders/ql/xph248657q37nx4n3qwdg4240000gn/T/XcodeDistPipeline.~~~rtF975/Packages/Genesyx.ipa'
2026-07-12 00:51:48 +0000  >>> Copying /var/folders/ql/xph248657q37nx4n3qwdg4240000gn/T/XcodeDistPipeline.~~~rtF975/Root 
2026-07-12 00:51:48 +0000  copying file ./Payload/Genesyx.app/_CodeSignature/CodeResources ... 
2026-07-12 00:51:48 +0000  25869 bytes for ./Payload/Genesyx.app/_CodeSignature/CodeResources
2026-07-12 00:51:48 +0000  copying file ./Payload/Genesyx.app/GTMSessionFetcher_GTMSessionFetcherCore.bundle/PrivacyInfo.xcprivacy ... 
2026-07-12 00:51:48 +0000  598 bytes for ./Payload/Genesyx.app/GTMSessionFetcher_GTMSessionFetcherCore.bundle/PrivacyInfo.xcprivacy
2026-07-12 00:51:48 +0000  copying file ./Payload/Genesyx.app/GTMSessionFetcher_GTMSessionFetcherCore.bundle/Info.plist ... 
2026-07-12 00:51:48 +0000  725 bytes for ./Payload/Genesyx.app/GTMSessionFetcher_GTMSessionFetcherCore.bundle/Info.plist
2026-07-12 00:51:48 +0000  copying file ./Payload/Genesyx.app/GoogleSignIn_GoogleSignIn.bundle/de.lproj/GoogleSignIn.strings ... 
2026-07-12 00:51:48 +0000  1703 bytes for ./Payload/Genesyx.app/GoogleSignIn_GoogleSignIn.bundle/de.lproj/GoogleSignIn.strings
2026-07-12 00:51:48 +0000  copying file ./Payload/Genesyx.app/GoogleSignIn_GoogleSignIn.bundle/he.lproj/GoogleSignIn.strings ... 
2026-07-12 00:51:48 +0000  1780 bytes for ./Payload/Genesyx.app/GoogleSignIn_GoogleSignIn.bundle/he.lproj/GoogleSignIn.strings
2026-07-12 00:51:48 +0000  copying file ./Payload/Genesyx.app/GoogleSignIn_GoogleSignIn.bundle/ar.lproj/GoogleSignIn.strings ... 
2026-07-12 00:51:48 +0000  1759 bytes for ./Payload/Genesyx.app/GoogleSignIn_GoogleSignIn.bundle/ar.lproj/GoogleSignIn.strings
2026-07-12 00:51:48 +0000  copying file ./Payload/Genesyx.app/GoogleSignIn_GoogleSignIn.bundle/el.lproj/GoogleSignIn.strings ... 
2026-07-12 00:51:48 +0000  2103 bytes for ./Payload/Genesyx.app/GoogleSignIn_GoogleSignIn.bundle/el.lproj/GoogleSignIn.strings
2026-07-12 00:51:48 +0000  copying file ./Payload/Genesyx.app/GoogleSignIn_GoogleSignIn.bundle/ja.lproj/GoogleSignIn.strings ... 
2026-07-12 00:51:48 +0000  1711 bytes for ./Payload/Genesyx.app/GoogleSignIn_GoogleSignIn.bundle/ja.lproj/GoogleSignIn.strings
2026-07-12 00:51:48 +0000  copying file ./Payload/Genesyx.app/GoogleSignIn_GoogleSignIn.bundle/en.lproj/GoogleSignIn.strings ... 
2026-07-12 00:51:48 +0000  1547 bytes for ./Payload/Genesyx.app/GoogleSignIn_GoogleSignIn.bundle/en.lproj/GoogleSignIn.strings
2026-07-12 00:51:48 +0000  copying file ./Payload/Genesyx.app/GoogleSignIn_GoogleSignIn.bundle/uk.lproj/GoogleSignIn.strings ... 
2026-07-12 00:51:48 +0000  1864 bytes for ./Payload/Genesyx.app/GoogleSignIn_GoogleSignIn.bundle/uk.lproj/GoogleSignIn.strings
2026-07-12 00:51:48 +0000  copying file ./Payload/Genesyx.app/GoogleSignIn_GoogleSignIn.bundle/es_MX.lproj/GoogleSignIn.strings ... 
2026-07-12 00:51:48 +0000  1607 bytes for ./Payload/Genesyx.app/GoogleSignIn_GoogleSignIn.bundle/es_MX.lproj/GoogleSignIn.strings
2026-07-12 00:51:48 +0000  copying file ./Payload/Genesyx.app/GoogleSignIn_GoogleSignIn.bundle/zh_CN.lproj/GoogleSignIn.strings ... 
2026-07-12 00:51:48 +0000  1489 bytes for ./Payload/Genesyx.app/GoogleSignIn_GoogleSignIn.bundle/zh_CN.lproj/GoogleSignIn.strings
2026-07-12 00:51:48 +0000  copying file ./Payload/Genesyx.app/GoogleSignIn_GoogleSignIn.bundle/nb.lproj/GoogleSignIn.strings ... 
2026-07-12 00:51:48 +0000  1593 bytes for ./Payload/Genesyx.app/GoogleSignIn_GoogleSignIn.bundle/nb.lproj/GoogleSignIn.strings
2026-07-12 00:51:48 +0000  copying file ./Payload/Genesyx.app/GoogleSignIn_GoogleSignIn.bundle/es.lproj/GoogleSignIn.strings ... 
2026-07-12 00:51:48 +0000  1678 bytes for ./Payload/Genesyx.app/GoogleSignIn_GoogleSignIn.bundle/es.lproj/GoogleSignIn.strings
2026-07-12 00:51:48 +0000  copying file ./Payload/Genesyx.app/GoogleSignIn_GoogleSignIn.bundle/pt_BR.lproj/GoogleSignIn.strings ... 
2026-07-12 00:51:48 +0000  1608 bytes for ./Payload/Genesyx.app/GoogleSignIn_GoogleSignIn.bundle/pt_BR.lproj/GoogleSignIn.strings
2026-07-12 00:51:48 +0000  copying file ./Payload/Genesyx.app/GoogleSignIn_GoogleSignIn.bundle/da.lproj/GoogleSignIn.strings ... 
2026-07-12 00:51:48 +0000  1611 bytes for ./Payload/Genesyx.app/GoogleSignIn_GoogleSignIn.bundle/da.lproj/GoogleSignIn.strings
2026-07-12 00:51:48 +0000  copying file ./Payload/Genesyx.app/GoogleSignIn_GoogleSignIn.bundle/it.lproj/GoogleSignIn.strings ... 
2026-07-12 00:51:48 +0000  1570 bytes for ./Payload/Genesyx.app/GoogleSignIn_GoogleSignIn.bundle/it.lproj/GoogleSignIn.strings
2026-07-12 00:51:48 +0000  copying file ./Payload/Genesyx.app/GoogleSignIn_GoogleSignIn.bundle/sk.lproj/GoogleSignIn.strings ... 
2026-07-12 00:51:48 +0000  1665 bytes for ./Payload/Genesyx.app/GoogleSignIn_GoogleSignIn.bundle/sk.lproj/GoogleSignIn.strings
2026-07-12 00:51:48 +0000  copying file ./Payload/Genesyx.app/GoogleSignIn_GoogleSignIn.bundle/pt_PT.lproj/GoogleSignIn.strings ... 
2026-07-12 00:51:48 +0000  1646 bytes for ./Payload/Genesyx.app/GoogleSignIn_GoogleSignIn.bundle/pt_PT.lproj/GoogleSignIn.strings
2026-07-12 00:51:48 +0000  copying file ./Payload/Genesyx.app/GoogleSignIn_GoogleSignIn.bundle/google@3x.png ... 
2026-07-12 00:51:48 +0000  1622 bytes for ./Payload/Genesyx.app/GoogleSignIn_GoogleSignIn.bundle/google@3x.png
2026-07-12 00:51:48 +0000  copying file ./Payload/Genesyx.app/GoogleSignIn_GoogleSignIn.bundle/ms.lproj/GoogleSignIn.strings ... 
2026-07-12 00:51:48 +0000  1565 bytes for ./Payload/Genesyx.app/GoogleSignIn_GoogleSignIn.bundle/ms.lproj/GoogleSignIn.strings
2026-07-12 00:51:48 +0000  copying file ./Payload/Genesyx.app/GoogleSignIn_GoogleSignIn.bundle/sv.lproj/GoogleSignIn.strings ... 
2026-07-12 00:51:48 +0000  1579 bytes for ./Payload/Genesyx.app/GoogleSignIn_GoogleSignIn.bundle/sv.lproj/GoogleSignIn.strings
2026-07-12 00:51:48 +0000  copying file ./Payload/Genesyx.app/GoogleSignIn_GoogleSignIn.bundle/cs.lproj/GoogleSignIn.strings ... 
2026-07-12 00:51:48 +0000  1615 bytes for ./Payload/Genesyx.app/GoogleSignIn_GoogleSignIn.bundle/cs.lproj/GoogleSignIn.strings
2026-07-12 00:51:48 +0000  copying file ./Payload/Genesyx.app/GoogleSignIn_GoogleSignIn.bundle/google@2x.png ... 
2026-07-12 00:51:48 +0000  987 bytes for ./Payload/Genesyx.app/GoogleSignIn_GoogleSignIn.bundle/google@2x.png
2026-07-12 00:51:48 +0000  copying file ./Payload/Genesyx.app/GoogleSignIn_GoogleSignIn.bundle/ko.lproj/GoogleSignIn.strings ... 
2026-07-12 00:51:48 +0000  1634 bytes for ./Payload/Genesyx.app/GoogleSignIn_GoogleSignIn.bundle/ko.lproj/GoogleSignIn.strings
2026-07-12 00:51:48 +0000  copying file ./Payload/Genesyx.app/GoogleSignIn_GoogleSignIn.bundle/hu.lproj/GoogleSignIn.strings ... 
2026-07-12 00:51:48 +0000  1663 bytes for ./Payload/Genesyx.app/GoogleSignIn_GoogleSignIn.bundle/hu.lproj/GoogleSignIn.strings
2026-07-12 00:51:48 +0000  copying file ./Payload/Genesyx.app/GoogleSignIn_GoogleSignIn.bundle/tr.lproj/GoogleSignIn.strings ... 
2026-07-12 00:51:48 +0000  1596 bytes for ./Payload/Genesyx.app/GoogleSignIn_GoogleSignIn.bundle/tr.lproj/GoogleSignIn.strings
2026-07-12 00:51:48 +0000  copying file ./Payload/Genesyx.app/GoogleSignIn_GoogleSignIn.bundle/pl.lproj/GoogleSignIn.strings ... 
2026-07-12 00:51:48 +0000  1578 bytes for ./Payload/Genesyx.app/GoogleSignIn_GoogleSignIn.bundle/pl.lproj/GoogleSignIn.strings
2026-07-12 00:51:48 +0000  copying file ./Payload/Genesyx.app/GoogleSignIn_GoogleSignIn.bundle/zh_TW.lproj/GoogleSignIn.strings ... 
2026-07-12 00:51:48 +0000  1525 bytes for ./Payload/Genesyx.app/GoogleSignIn_GoogleSignIn.bundle/zh_TW.lproj/GoogleSignIn.strings
2026-07-12 00:51:48 +0000  copying file ./Payload/Genesyx.app/GoogleSignIn_GoogleSignIn.bundle/en_GB.lproj/GoogleSignIn.strings ... 
2026-07-12 00:51:48 +0000  1547 bytes for ./Payload/Genesyx.app/GoogleSignIn_GoogleSignIn.bundle/en_GB.lproj/GoogleSignIn.strings
2026-07-12 00:51:48 +0000  copying file ./Payload/Genesyx.app/GoogleSignIn_GoogleSignIn.bundle/vi.lproj/GoogleSignIn.strings ... 
2026-07-12 00:51:48 +0000  1717 bytes for ./Payload/Genesyx.app/GoogleSignIn_GoogleSignIn.bundle/vi.lproj/GoogleSignIn.strings
2026-07-12 00:51:48 +0000  copying file ./Payload/Genesyx.app/GoogleSignIn_GoogleSignIn.bundle/PrivacyInfo.xcprivacy ... 
2026-07-12 00:51:48 +0000  3756 bytes for ./Payload/Genesyx.app/GoogleSignIn_GoogleSignIn.bundle/PrivacyInfo.xcprivacy
2026-07-12 00:51:48 +0000  copying file ./Payload/Genesyx.app/GoogleSignIn_GoogleSignIn.bundle/ru.lproj/GoogleSignIn.strings ... 
2026-07-12 00:51:48 +0000  1954 bytes for ./Payload/Genesyx.app/GoogleSignIn_GoogleSignIn.bundle/ru.lproj/GoogleSignIn.strings
2026-07-12 00:51:48 +0000  copying file ./Payload/Genesyx.app/GoogleSignIn_GoogleSignIn.bundle/fr_CA.lproj/GoogleSignIn.strings ... 
2026-07-12 00:51:48 +0000  1657 bytes for ./Payload/Genesyx.app/GoogleSignIn_GoogleSignIn.bundle/fr_CA.lproj/GoogleSignIn.strings
2026-07-12 00:51:48 +0000  copying file ./Payload/Genesyx.app/GoogleSignIn_GoogleSignIn.bundle/fr.lproj/GoogleSignIn.strings ... 
2026-07-12 00:51:48 +0000  1676 bytes for ./Payload/Genesyx.app/GoogleSignIn_GoogleSignIn.bundle/fr.lproj/GoogleSignIn.strings
2026-07-12 00:51:48 +0000  copying file ./Payload/Genesyx.app/GoogleSignIn_GoogleSignIn.bundle/fi.lproj/GoogleSignIn.strings ... 
2026-07-12 00:51:48 +0000  1640 bytes for ./Payload/Genesyx.app/GoogleSignIn_GoogleSignIn.bundle/fi.lproj/GoogleSignIn.strings
2026-07-12 00:51:48 +0000  copying file ./Payload/Genesyx.app/GoogleSignIn_GoogleSignIn.bundle/id.lproj/GoogleSignIn.strings ... 
2026-07-12 00:51:48 +0000  1553 bytes for ./Payload/Genesyx.app/GoogleSignIn_GoogleSignIn.bundle/id.lproj/GoogleSignIn.strings
2026-07-12 00:51:48 +0000  copying file ./Payload/Genesyx.app/GoogleSignIn_GoogleSignIn.bundle/nl.lproj/GoogleSignIn.strings ... 
2026-07-12 00:51:48 +0000  1606 bytes for ./Payload/Genesyx.app/GoogleSignIn_GoogleSignIn.bundle/nl.lproj/GoogleSignIn.strings
2026-07-12 00:51:48 +0000  copying file ./Payload/Genesyx.app/GoogleSignIn_GoogleSignIn.bundle/th.lproj/GoogleSignIn.strings ... 
2026-07-12 00:51:48 +0000  2133 bytes for ./Payload/Genesyx.app/GoogleSignIn_GoogleSignIn.bundle/th.lproj/GoogleSignIn.strings
2026-07-12 00:51:48 +0000  copying file ./Payload/Genesyx.app/GoogleSignIn_GoogleSignIn.bundle/pt.lproj/GoogleSignIn.strings ... 
2026-07-12 00:51:48 +0000  1608 bytes for ./Payload/Genesyx.app/GoogleSignIn_GoogleSignIn.bundle/pt.lproj/GoogleSignIn.strings
2026-07-12 00:51:48 +0000  copying file ./Payload/Genesyx.app/GoogleSignIn_GoogleSignIn.bundle/google.png ... 
2026-07-12 00:51:48 +0000  572 bytes for ./Payload/Genesyx.app/GoogleSignIn_GoogleSignIn.bundle/google.png
2026-07-12 00:51:48 +0000  copying file ./Payload/Genesyx.app/GoogleSignIn_GoogleSignIn.bundle/Roboto-Bold.ttf ... 
2026-07-12 00:51:48 +0000  127744 bytes for ./Payload/Genesyx.app/GoogleSignIn_GoogleSignIn.bundle/Roboto-Bold.ttf
2026-07-12 00:51:48 +0000  copying file ./Payload/Genesyx.app/GoogleSignIn_GoogleSignIn.bundle/ro.lproj/GoogleSignIn.strings ... 
2026-07-12 00:51:48 +0000  1598 bytes for ./Payload/Genesyx.app/GoogleSignIn_GoogleSignIn.bundle/ro.lproj/GoogleSignIn.strings
2026-07-12 00:51:48 +0000  copying file ./Payload/Genesyx.app/GoogleSignIn_GoogleSignIn.bundle/Info.plist ... 
2026-07-12 00:51:48 +0000  699 bytes for ./Payload/Genesyx.app/GoogleSignIn_GoogleSignIn.bundle/Info.plist
2026-07-12 00:51:48 +0000  copying file ./Payload/Genesyx.app/GoogleSignIn_GoogleSignIn.bundle/hr.lproj/GoogleSignIn.strings ... 
2026-07-12 00:51:48 +0000  1621 bytes for ./Payload/Genesyx.app/GoogleSignIn_GoogleSignIn.bundle/hr.lproj/GoogleSignIn.strings
2026-07-12 00:51:48 +0000  copying file ./Payload/Genesyx.app/GoogleSignIn_GoogleSignIn.bundle/hi.lproj/GoogleSignIn.strings ... 
2026-07-12 00:51:48 +0000  2286 bytes for ./Payload/Genesyx.app/GoogleSignIn_GoogleSignIn.bundle/hi.lproj/GoogleSignIn.strings
2026-07-12 00:51:48 +0000  copying file ./Payload/Genesyx.app/GoogleSignIn_GoogleSignIn.bundle/ca.lproj/GoogleSignIn.strings ... 
2026-07-12 00:51:48 +0000  1669 bytes for ./Payload/Genesyx.app/GoogleSignIn_GoogleSignIn.bundle/ca.lproj/GoogleSignIn.strings
2026-07-12 00:51:48 +0000  copying file ./Payload/Genesyx.app/AppIcon60x60@2x.png ... 
2026-07-12 00:51:48 +0000  6183 bytes for ./Payload/Genesyx.app/AppIcon60x60@2x.png
2026-07-12 00:51:48 +0000  copying file ./Payload/Genesyx.app/AppAuth_AppAuth.bundle/PrivacyInfo.xcprivacy ... 
2026-07-12 00:51:48 +0000  391 bytes for ./Payload/Genesyx.app/AppAuth_AppAuth.bundle/PrivacyInfo.xcprivacy
2026-07-12 00:51:48 +0000  copying file ./Payload/Genesyx.app/AppAuth_AppAuth.bundle/Info.plist ... 
2026-07-12 00:51:48 +0000  679 bytes for ./Payload/Genesyx.app/AppAuth_AppAuth.bundle/Info.plist
2026-07-12 00:51:48 +0000  copying file ./Payload/Genesyx.app/swift-crypto_Crypto.bundle/PrivacyInfo.xcprivacy ... 
2026-07-12 00:51:48 +0000  398 bytes for ./Payload/Genesyx.app/swift-crypto_Crypto.bundle/PrivacyInfo.xcprivacy
2026-07-12 00:51:48 +0000  copying file ./Payload/Genesyx.app/swift-crypto_Crypto.bundle/Info.plist ... 
2026-07-12 00:51:48 +0000  683 bytes for ./Payload/Genesyx.app/swift-crypto_Crypto.bundle/Info.plist
2026-07-12 00:51:48 +0000  copying file ./Payload/Genesyx.app/GoogleUtilities_GoogleUtilities-Logger.bundle/PrivacyInfo.xcprivacy ... 
2026-07-12 00:51:48 +0000  478 bytes for ./Payload/Genesyx.app/GoogleUtilities_GoogleUtilities-Logger.bundle/PrivacyInfo.xcprivacy
2026-07-12 00:51:48 +0000  copying file ./Payload/Genesyx.app/GoogleUtilities_GoogleUtilities-Logger.bundle/Info.plist ... 
2026-07-12 00:51:48 +0000  721 bytes for ./Payload/Genesyx.app/GoogleUtilities_GoogleUtilities-Logger.bundle/Info.plist
2026-07-12 00:51:48 +0000  copying file ./Payload/Genesyx.app/AppAuth_AppAuthCore.bundle/PrivacyInfo.xcprivacy ... 
2026-07-12 00:51:48 +0000  391 bytes for ./Payload/Genesyx.app/AppAuth_AppAuthCore.bundle/PrivacyInfo.xcprivacy
2026-07-12 00:51:48 +0000  copying file ./Payload/Genesyx.app/AppAuth_AppAuthCore.bundle/Info.plist ... 
2026-07-12 00:51:48 +0000  687 bytes for ./Payload/Genesyx.app/AppAuth_AppAuthCore.bundle/Info.plist
2026-07-12 00:51:48 +0000  copying file ./Payload/Genesyx.app/Promises_FBLPromises.bundle/PrivacyInfo.xcprivacy ... 
2026-07-12 00:51:48 +0000  373 bytes for ./Payload/Genesyx.app/Promises_FBLPromises.bundle/PrivacyInfo.xcprivacy
2026-07-12 00:51:48 +0000  copying file ./Payload/Genesyx.app/Promises_FBLPromises.bundle/Info.plist ... 
2026-07-12 00:51:48 +0000  685 bytes for ./Payload/Genesyx.app/Promises_FBLPromises.bundle/Info.plist
2026-07-12 00:51:48 +0000  copying file ./Payload/Genesyx.app/Assets.car ... 
2026-07-12 00:51:48 +0000  1935384 bytes for ./Payload/Genesyx.app/Assets.car
2026-07-12 00:51:48 +0000  copying file ./Payload/Genesyx.app/AppIcon76x76@2x~ipad.png ... 
2026-07-12 00:51:48 +0000  7773 bytes for ./Payload/Genesyx.app/AppIcon76x76@2x~ipad.png
2026-07-12 00:51:48 +0000  copying file ./Payload/Genesyx.app/Genesyx ... 
2026-07-12 00:51:48 +0000  5057344 bytes for ./Payload/Genesyx.app/Genesyx
2026-07-12 00:51:48 +0000  copying file ./Payload/Genesyx.app/PrivacyInfo.xcprivacy ... 
2026-07-12 00:51:48 +0000  2642 bytes for ./Payload/Genesyx.app/PrivacyInfo.xcprivacy
2026-07-12 00:51:48 +0000  copying file ./Payload/Genesyx.app/GoogleUtilities_GoogleUtilities-UserDefaults.bundle/PrivacyInfo.xcprivacy ... 
2026-07-12 00:51:48 +0000  911 bytes for ./Payload/Genesyx.app/GoogleUtilities_GoogleUtilities-UserDefaults.bundle/PrivacyInfo.xcprivacy
2026-07-12 00:51:48 +0000  copying file ./Payload/Genesyx.app/GoogleUtilities_GoogleUtilities-UserDefaults.bundle/Info.plist ... 
2026-07-12 00:51:48 +0000  733 bytes for ./Payload/Genesyx.app/GoogleUtilities_GoogleUtilities-UserDefaults.bundle/Info.plist
2026-07-12 00:51:48 +0000  copying file ./Payload/Genesyx.app/GoogleUtilities_GoogleUtilities-Environment.bundle/PrivacyInfo.xcprivacy ... 
2026-07-12 00:51:48 +0000  855 bytes for ./Payload/Genesyx.app/GoogleUtilities_GoogleUtilities-Environment.bundle/PrivacyInfo.xcprivacy
2026-07-12 00:51:48 +0000  copying file ./Payload/Genesyx.app/GoogleUtilities_GoogleUtilities-Environment.bundle/Info.plist ... 
2026-07-12 00:51:48 +0000  731 bytes for ./Payload/Genesyx.app/GoogleUtilities_GoogleUtilities-Environment.bundle/Info.plist
2026-07-12 00:51:48 +0000  copying file ./Payload/Genesyx.app/embedded.mobileprovision ... 
2026-07-12 00:51:48 +0000  12353 bytes for ./Payload/Genesyx.app/embedded.mobileprovision
2026-07-12 00:51:48 +0000  copying file ./Payload/Genesyx.app/Info.plist ... 
2026-07-12 00:51:48 +0000  1723 bytes for ./Payload/Genesyx.app/Info.plist
2026-07-12 00:51:48 +0000  copying file ./Payload/Genesyx.app/GTMAppAuth_GTMAppAuth.bundle/PrivacyInfo.xcprivacy ... 
2026-07-12 00:51:48 +0000  373 bytes for ./Payload/Genesyx.app/GTMAppAuth_GTMAppAuth.bundle/PrivacyInfo.xcprivacy
2026-07-12 00:51:48 +0000  copying file ./Payload/Genesyx.app/GTMAppAuth_GTMAppAuth.bundle/Info.plist ... 
2026-07-12 00:51:48 +0000  687 bytes for ./Payload/Genesyx.app/GTMAppAuth_GTMAppAuth.bundle/Info.plist
2026-07-12 00:51:48 +0000  copying file ./Payload/Genesyx.app/PkgInfo ... 
2026-07-12 00:51:48 +0000  8 bytes for ./Payload/Genesyx.app/PkgInfo
2026-07-12 00:51:48 +0000  copying file ./Symbols/FE784797-FBEA-3D82-AD61-C244316413B9.symbols ... 
2026-07-12 00:51:48 +0000  12388996 bytes for ./Symbols/FE784797-FBEA-3D82-AD61-C244316413B9.symbols
2026-07-12 00:51:48 +0000 [MT] /usr/bin/ditto exited with 0
2026-07-12 00:51:48 +0000 [MT] Processing step: IDEDistributionAppStoreInformationStep
2026-07-12 00:51:48 +0000 [MT] Skipping step: IDEDistributionAppStoreInformationStep because it said so
2026-07-12 00:51:48 +0000 [MT] Processing step: IDEDistributionGenerateProcessedDistributionItems
2026-07-12 00:51:48 +0000 [MT] IDEDistributionItem init <DVTFilePath:0x8be629800:'/var/folders/ql/xph248657q37nx4n3qwdg4240000gn/T/XcodeDistPipeline.~~~rtF975/Root/Payload/Genesyx.app'>
2026-07-12 00:51:48 +0000 [MT] Processing step: IDEDistributionCreateManifestStep
2026-07-12 00:51:48 +0000 [MT] Skipping step: IDEDistributionCreateManifestStep because it said so
